<?xml version='1.0' encoding='UTF-8'?>
<testsuite hostname="MacBook-Pro-de-Evandro.local" name="oberon.expression.TestNotExpression" tests="2" errors="0" failures="0" skipped="0" time="0.003">
                     <properties>
[...]
</properties>
                     <testcase classname="oberon.expression.TestNotExpression" name="an not expression should return value true in Not(BoolValue(false))" time="0.002">
                                                 
                                               </testcase><testcase classname="oberon.expression.TestNotExpression" name="an not expression should return value false in Not(BoolValue(true))" time="0.001">
                                                 
                                               </testcase>
                     <system-out><![CDATA[]]></system-out>
                     <system-err><![CDATA[]]></system-err>
                   </testsuite>