<?xml version='1.0' encoding='UTF-8'?>
<testsuite hostname="LMariano" name="oberon.expression.TestExpression" tests="1" errors="0" failures="0" skipped="0" time="0.0">
                     <properties>
[...]
</properties>
                     <testcase classname="oberon.expression.TestExpression" name="eval" time="0.0">
                                                 
                                               </testcase>
                     <system-out><![CDATA[]]></system-out>
                     <system-err><![CDATA[]]></system-err>
                   </testsuite>